<?xml version="1.0" encoding="UTF-8"?>
<!-- Generated by org.testng.reporters.JUnitReportReporter -->
<testsuite skipped="0" hostname="DESKTOP-M8ARC8E" name="test.ExtentXReportBasicDemoWithTestNg" tests="2" failures="0" timestamp="2020-06-11T17:41:29 IST" time="4.382" errors="0">
  <testcase name="test1" time="2.735" classname="test.ExtentXReportBasicDemoWithTestNg"/>
  <testcase name="test2" time="1.647" classname="test.ExtentXReportBasicDemoWithTestNg"/>
</testsuite> <!-- test.ExtentXReportBasicDemoWithTestNg -->
