<?xml version="1.0" encoding="UTF-8"?>
<!-- Generated by org.testng.reporters.JUnitReportReporter -->
<testsuite skipped="0" hostname="DESKTOP-M8ARC8E" name="test.TestNGDemo" tests="1" failures="0" timestamp="2020-06-13T21:56:14 IST" time="7.262" errors="0">
  <testcase name="googleSearch" time="7.262" classname="test.TestNGDemo"/>
</testsuite> <!-- test.TestNGDemo -->
