<?xml version="1.0" encoding="UTF-8"?>
<!-- Generated by org.testng.reporters.JUnitReportReporter -->
<testsuite skipped="0" hostname="DESKTOP-M8ARC8E" name="test.ExtentXReportBasicDemoWithTestNg" tests="2" failures="0" timestamp="2020-12-06T19:05:21 IST" time="6.593" errors="0">
  <testcase name="test2" time="2.908" classname="test.ExtentXReportBasicDemoWithTestNg"/>
  <testcase name="test1" time="3.685" classname="test.ExtentXReportBasicDemoWithTestNg"/>
</testsuite> <!-- test.ExtentXReportBasicDemoWithTestNg -->
