<?xml version="1.0" encoding="UTF-8"?>
<!-- Generated by org.testng.reporters.JUnitReportReporter -->
<testsuite skipped="0" hostname="DESKTOP-M8ARC8E" name="test.TestNGDemo2" tests="1" failures="0" timestamp="2020-06-11T15:39:09 IST" time="9.383" errors="0">
  <testcase name="googleSearch2" time="9.383" classname="test.TestNGDemo2"/>
</testsuite> <!-- test.TestNGDemo2 -->
