<?xml version="1.0" encoding="UTF-8"?>
<!-- Generated by org.testng.reporters.JUnitReportReporter -->
<testsuite skipped="0" hostname="DESKTOP-M8ARC8E" name="test.TestNGDemo" tests="1" failures="0" timestamp="2020-06-11T15:39:09 IST" time="9.121" errors="0">
  <testcase name="googleSearch" time="9.121" classname="test.TestNGDemo"/>
</testsuite> <!-- test.TestNGDemo -->
